<?xml version="1.0" encoding="UTF-8"?>
<testng-results skipped="0" failed="0" ignored="0" total="0" passed="0">
  <reporter-output>
  </reporter-output>
  <suite name="testRunner.TestRunner" duration-ms="8" started-at="2021-10-09T13:42:03 IST" finished-at="2021-10-09T13:42:03 IST">
    <groups>
    </groups>
    <test name="Command line test" duration-ms="8" started-at="2021-10-09T13:42:03 IST" finished-at="2021-10-09T13:42:03 IST">
    </test> <!-- Command line test -->
  </suite> <!-- testRunner.TestRunner -->
</testng-results>
